Arguments: 
  C:\Program Files\nodejs\node.exe C:\Users\HSD-2\AppData\Roaming\npm\node_modules\yarn\bin\yarn.js init

PATH: 
  C:\Windows\system32;C:\Windows;C:\Windows\System32\Wbem;C:\Windows\System32\WindowsPowerShell\v1.0\;C:\Windows\System32\OpenSSH\;G:\git\Git\cmd;C:\Program Files\nodejs\;C:\Program Files (x86)\Calibre2\;G:\gitLarge\Git LFS;C:\Users\HSD-2\AppData\Local\Microsoft\WindowsApps;G:\webstorm\WebStorm 2021.1.1\bin;;C:\Users\HSD-2\AppData\Roaming\npm;G:\vscode\Microsoft VS Code\app\bin;C:\Users\HSD-2\AppData\Local\GitHubDesktop\bin;G:\webstorm\IntelliJ IDEA 2021.1.1\bin;

Yarn version: 
  1.22.10

Node version: 
  14.15.4

Platform: 
  win32 x64

Trace: 
  Error: canceled
      at Interface.<anonymous> (C:\Users\HSD-2\AppData\Roaming\npm\node_modules\yarn\lib\cli.js:136216:13)
      at Interface.emit (events.js:315:20)
      at Interface._ttyWrite (readline.js:875:16)
      at ReadStream.onkeypress (readline.js:213:10)
      at ReadStream.emit (events.js:315:20)
      at emitKeys (internal/readline/utils.js:345:14)
      at emitKeys.next (<anonymous>)
      at ReadStream.onData (readline.js:1144:36)
      at ReadStream.emit (events.js:315:20)
      at addChunk (internal/streams/readable.js:309:12)

npm manifest: 
  {
    "name": "choma-vue3-vite",
    "version": "0.0.0",
    "scripts": {
      "dev": "vite",
      "build": "vite build"
    },
    "dependencies": {
      "vue": "^3.0.4"
    },
    "devDependencies": {
      "vite": "^1.0.0-rc.13",
      "@vue/compiler-sfc": "^3.0.4"
    }
  }

yarn manifest: 
  No manifest

Lockfile: 
  No lockfile
